2025-01-30T10:39:00.638+05:30  INFO 20420 --- [loanplans] [restartedMain] com.lms.loanplans.LoanplansApplication   : Starting LoanplansApplication using Java 22.0.2 with PID 20420 (C:\Users\2366916\Downloads\loanplans (2)\loanplans\target\classes started by 2366916 in C:\Users\2366916\Downloads\loanplans (2)\loanplans)
2025-01-30T10:39:00.639+05:30  INFO 20420 --- [loanplans] [restartedMain] com.lms.loanplans.LoanplansApplication   : No active profile set, falling back to 1 default profile: "default"
2025-01-30T10:39:01.310+05:30  INFO 20420 --- [loanplans] [restartedMain] .s.d.r.c.RepositoryConfigurationDelegate : Bootstrapping Spring Data JPA repositories in DEFAULT mode.
2025-01-30T10:39:01.388+05:30  INFO 20420 --- [loanplans] [restartedMain] .s.d.r.c.RepositoryConfigurationDelegate : Finished Spring Data repository scanning in 66 ms. Found 4 JPA repository interfaces.
2025-01-30T10:39:01.751+05:30  INFO 20420 --- [loanplans] [restartedMain] o.s.b.w.embedded.tomcat.TomcatWebServer  : Tomcat initialized with port 4306 (http)
2025-01-30T10:39:01.753+05:30  INFO 20420 --- [loanplans] [restartedMain] o.apache.catalina.core.StandardService   : Starting service [Tomcat]
2025-01-30T10:39:01.755+05:30  INFO 20420 --- [loanplans] [restartedMain] o.apache.catalina.core.StandardEngine    : Starting Servlet engine: [Apache Tomcat/10.1.34]
2025-01-30T10:39:01.810+05:30  INFO 20420 --- [loanplans] [restartedMain] o.a.c.c.C.[Tomcat].[localhost].[/]       : Initializing Spring embedded WebApplicationContext
2025-01-30T10:39:01.811+05:30  INFO 20420 --- [loanplans] [restartedMain] w.s.c.ServletWebServerApplicationContext : Root WebApplicationContext: initialization completed in 1165 ms
2025-01-30T10:39:01.927+05:30  INFO 20420 --- [loanplans] [restartedMain] o.hibernate.jpa.internal.util.LogHelper  : HHH000204: Processing PersistenceUnitInfo [name: default]
2025-01-30T10:39:01.933+05:30  INFO 20420 --- [loanplans] [restartedMain] o.h.c.internal.RegionFactoryInitiator    : HHH000026: Second-level cache disabled
2025-01-30T10:39:01.960+05:30  INFO 20420 --- [loanplans] [restartedMain] o.s.o.j.p.SpringPersistenceUnitInfo      : No LoadTimeWeaver setup: ignoring JPA class transformer
2025-01-30T10:39:01.962+05:30  INFO 20420 --- [loanplans] [restartedMain] com.zaxxer.hikari.HikariDataSource       : HikariPool-2 - Starting...
2025-01-30T10:39:02.074+05:30  INFO 20420 --- [loanplans] [restartedMain] com.zaxxer.hikari.pool.HikariPool        : HikariPool-2 - Added connection com.mysql.cj.jdbc.ConnectionImpl@1a995cc1
2025-01-30T10:39:02.074+05:30  INFO 20420 --- [loanplans] [restartedMain] com.zaxxer.hikari.HikariDataSource       : HikariPool-2 - Start completed.
2025-01-30T10:39:02.077+05:30  WARN 20420 --- [loanplans] [restartedMain] org.hibernate.orm.deprecation            : HHH90000025: MySQLDialect does not need to be specified explicitly using 'hibernate.dialect' (remove the property setting and it will be selected by default)
2025-01-30T10:39:02.078+05:30  INFO 20420 --- [loanplans] [restartedMain] org.hibernate.orm.connections.pooling    : HHH10001005: Database info:
	Database JDBC URL [Connecting through datasource 'HikariDataSource (HikariPool-2)']
	Database driver: undefined/unknown
	Database version: 8.4
	Autocommit mode: undefined/unknown
	Isolation level: undefined/unknown
	Minimum pool size: undefined/unknown
	Maximum pool size: undefined/unknown
2025-01-30T10:39:02.353+05:30  INFO 20420 --- [loanplans] [restartedMain] o.h.e.t.j.p.i.JtaPlatformInitiator       : HHH000489: No JTA platform available (set 'hibernate.transaction.jta.platform' to enable JTA platform integration)
2025-01-30T10:39:02.395+05:30  INFO 20420 --- [loanplans] [restartedMain] j.LocalContainerEntityManagerFactoryBean : Initialized JPA EntityManagerFactory for persistence unit 'default'
2025-01-30T10:39:02.816+05:30  INFO 20420 --- [loanplans] [restartedMain] eAuthenticationProviderManagerConfigurer : Global AuthenticationManager configured with AuthenticationProvider bean with name authenticationProvider
2025-01-30T10:39:02.818+05:30  WARN 20420 --- [loanplans] [restartedMain] r$InitializeUserDetailsManagerConfigurer : Global AuthenticationManager configured with an AuthenticationProvider bean. UserDetailsService beans will not be used by Spring Security for automatically configuring username/password login. Consider removing the AuthenticationProvider bean. Alternatively, consider using the UserDetailsService in a manually instantiated DaoAuthenticationProvider. If the current configuration is intentional, to turn off this warning, increase the logging level of 'org.springframework.security.config.annotation.authentication.configuration.InitializeUserDetailsBeanManagerConfigurer' to ERROR
2025-01-30T10:39:03.002+05:30  WARN 20420 --- [loanplans] [restartedMain] JpaBaseConfiguration$JpaWebConfiguration : spring.jpa.open-in-view is enabled by default. Therefore, database queries may be performed during view rendering. Explicitly configure spring.jpa.open-in-view to disable this warning
2025-01-30T10:39:17.859+05:30  INFO 12876 --- [loanplans] [restartedMain] com.lms.loanplans.LoanplansApplication   : Starting LoanplansApplication using Java 22.0.2 with PID 12876 (C:\Users\2366916\Downloads\loanplans (2)\loanplans\target\classes started by 2366916 in C:\Users\2366916\Downloads\loanplans (2)\loanplans)
2025-01-30T10:39:17.863+05:30  INFO 12876 --- [loanplans] [restartedMain] com.lms.loanplans.LoanplansApplication   : No active profile set, falling back to 1 default profile: "default"
2025-01-30T10:39:17.951+05:30  INFO 12876 --- [loanplans] [restartedMain] .e.DevToolsPropertyDefaultsPostProcessor : Devtools property defaults active! Set 'spring.devtools.add-properties' to 'false' to disable
2025-01-30T10:39:17.952+05:30  INFO 12876 --- [loanplans] [restartedMain] .e.DevToolsPropertyDefaultsPostProcessor : For additional web related logging consider setting the 'logging.level.web' property to 'DEBUG'
2025-01-30T10:39:20.217+05:30  INFO 12876 --- [loanplans] [restartedMain] .s.d.r.c.RepositoryConfigurationDelegate : Bootstrapping Spring Data JPA repositories in DEFAULT mode.
2025-01-30T10:39:20.374+05:30  INFO 12876 --- [loanplans] [restartedMain] .s.d.r.c.RepositoryConfigurationDelegate : Finished Spring Data repository scanning in 138 ms. Found 4 JPA repository interfaces.
2025-01-30T10:39:22.279+05:30  INFO 12876 --- [loanplans] [restartedMain] o.s.b.w.embedded.tomcat.TomcatWebServer  : Tomcat initialized with port 4306 (http)
2025-01-30T10:39:22.314+05:30  INFO 12876 --- [loanplans] [restartedMain] o.apache.catalina.core.StandardService   : Starting service [Tomcat]
2025-01-30T10:39:22.315+05:30  INFO 12876 --- [loanplans] [restartedMain] o.apache.catalina.core.StandardEngine    : Starting Servlet engine: [Apache Tomcat/10.1.34]
2025-01-30T10:39:22.441+05:30  INFO 12876 --- [loanplans] [restartedMain] o.a.c.c.C.[Tomcat].[localhost].[/]       : Initializing Spring embedded WebApplicationContext
2025-01-30T10:39:22.443+05:30  INFO 12876 --- [loanplans] [restartedMain] w.s.c.ServletWebServerApplicationContext : Root WebApplicationContext: initialization completed in 4489 ms
2025-01-30T10:39:22.977+05:30  INFO 12876 --- [loanplans] [restartedMain] o.hibernate.jpa.internal.util.LogHelper  : HHH000204: Processing PersistenceUnitInfo [name: default]
2025-01-30T10:39:23.149+05:30  INFO 12876 --- [loanplans] [restartedMain] org.hibernate.Version                    : HHH000412: Hibernate ORM core version 6.6.4.Final
2025-01-30T10:39:23.261+05:30  INFO 12876 --- [loanplans] [restartedMain] o.h.c.internal.RegionFactoryInitiator    : HHH000026: Second-level cache disabled
2025-01-30T10:39:24.128+05:30  INFO 12876 --- [loanplans] [restartedMain] o.s.o.j.p.SpringPersistenceUnitInfo      : No LoadTimeWeaver setup: ignoring JPA class transformer
2025-01-30T10:39:24.170+05:30  INFO 12876 --- [loanplans] [restartedMain] com.zaxxer.hikari.HikariDataSource       : HikariPool-1 - Starting...
2025-01-30T10:39:24.820+05:30  INFO 12876 --- [loanplans] [restartedMain] com.zaxxer.hikari.pool.HikariPool        : HikariPool-1 - Added connection com.mysql.cj.jdbc.ConnectionImpl@65ef4642
2025-01-30T10:39:24.828+05:30  INFO 12876 --- [loanplans] [restartedMain] com.zaxxer.hikari.HikariDataSource       : HikariPool-1 - Start completed.
2025-01-30T10:39:25.016+05:30  WARN 12876 --- [loanplans] [restartedMain] org.hibernate.orm.deprecation            : HHH90000025: MySQLDialect does not need to be specified explicitly using 'hibernate.dialect' (remove the property setting and it will be selected by default)
2025-01-30T10:39:25.080+05:30  INFO 12876 --- [loanplans] [restartedMain] org.hibernate.orm.connections.pooling    : HHH10001005: Database info:
	Database JDBC URL [Connecting through datasource 'HikariDataSource (HikariPool-1)']
	Database driver: undefined/unknown
	Database version: 8.4
	Autocommit mode: undefined/unknown
	Isolation level: undefined/unknown
	Minimum pool size: undefined/unknown
	Maximum pool size: undefined/unknown
2025-01-30T10:39:27.571+05:30  INFO 12876 --- [loanplans] [restartedMain] o.h.e.t.j.p.i.JtaPlatformInitiator       : HHH000489: No JTA platform available (set 'hibernate.transaction.jta.platform' to enable JTA platform integration)
2025-01-30T10:39:27.699+05:30  INFO 12876 --- [loanplans] [restartedMain] j.LocalContainerEntityManagerFactoryBean : Initialized JPA EntityManagerFactory for persistence unit 'default'
2025-01-30T10:39:29.270+05:30  INFO 12876 --- [loanplans] [restartedMain] eAuthenticationProviderManagerConfigurer : Global AuthenticationManager configured with AuthenticationProvider bean with name authenticationProvider
2025-01-30T10:39:29.272+05:30  WARN 12876 --- [loanplans] [restartedMain] r$InitializeUserDetailsManagerConfigurer : Global AuthenticationManager configured with an AuthenticationProvider bean. UserDetailsService beans will not be used by Spring Security for automatically configuring username/password login. Consider removing the AuthenticationProvider bean. Alternatively, consider using the UserDetailsService in a manually instantiated DaoAuthenticationProvider. If the current configuration is intentional, to turn off this warning, increase the logging level of 'org.springframework.security.config.annotation.authentication.configuration.InitializeUserDetailsBeanManagerConfigurer' to ERROR
2025-01-30T10:39:29.764+05:30  WARN 12876 --- [loanplans] [restartedMain] JpaBaseConfiguration$JpaWebConfiguration : spring.jpa.open-in-view is enabled by default. Therefore, database queries may be performed during view rendering. Explicitly configure spring.jpa.open-in-view to disable this warning
2025-01-30T10:39:31.945+05:30  INFO 12876 --- [loanplans] [restartedMain] o.s.b.d.a.OptionalLiveReloadServer       : LiveReload server is running on port 35729
2025-01-30T10:39:32.035+05:30  INFO 12876 --- [loanplans] [restartedMain] o.s.b.w.embedded.tomcat.TomcatWebServer  : Tomcat started on port 4306 (http) with context path '/'
2025-01-30T10:39:32.058+05:30  INFO 12876 --- [loanplans] [restartedMain] com.lms.loanplans.LoanplansApplication   : Started LoanplansApplication in 15.357 seconds (process running for 16.219)
2025-01-30T10:40:01.616+05:30  INFO 12876 --- [loanplans] [File Watcher] rtingClassPathChangeChangedEventListener : Restarting due to 1 class path change (0 additions, 0 deletions, 1 modification)
2025-01-30T10:40:01.623+05:30  INFO 12876 --- [loanplans] [Thread-5] o.s.b.w.e.tomcat.GracefulShutdown        : Commencing graceful shutdown. Waiting for active requests to complete
2025-01-30T10:40:01.630+05:30  INFO 12876 --- [loanplans] [tomcat-shutdown] o.s.b.w.e.tomcat.GracefulShutdown        : Graceful shutdown complete
2025-01-30T10:40:01.640+05:30  INFO 12876 --- [loanplans] [Thread-5] j.LocalContainerEntityManagerFactoryBean : Closing JPA EntityManagerFactory for persistence unit 'default'
2025-01-30T10:40:01.646+05:30  INFO 12876 --- [loanplans] [Thread-5] com.zaxxer.hikari.HikariDataSource       : HikariPool-1 - Shutdown initiated...
2025-01-30T10:40:01.667+05:30  INFO 12876 --- [loanplans] [Thread-5] com.zaxxer.hikari.HikariDataSource       : HikariPool-1 - Shutdown completed.
